\BOOKMARK [0][-]{chapter*.1}{\376\377\000D\000e\000d\000i\000c\000a\000t\000i\000o\000n}{}% 1
\BOOKMARK [0][-]{chapter*.2}{\376\377\000A\000c\000k\000n\000o\000w\000l\000e\000d\000g\000e\000m\000e\000n\000t\000s}{}% 2
\BOOKMARK [0][-]{chapter*.3}{\376\377\000A\000b\000s\000t\000r\000a\000c\000t}{}% 3
\BOOKMARK [0][-]{chapter*.4}{\376\377\000R\000\351\000s\000u\000m\000\351}{}% 4
\BOOKMARK [0][-]{chapter*.5}{\376\377\000C\000o\000n\000t\000e\000n\000t\000s}{}% 5
\BOOKMARK [0][-]{chapter*.6}{\376\377\000L\000i\000s\000t\000\040\000o\000f\000\040\000F\000i\000g\000u\000r\000e\000s}{}% 6
\BOOKMARK [0][-]{chapter*.6}{\376\377\000L\000i\000s\000t\000\040\000o\000f\000\040\000F\000i\000g\000u\000r\000e\000s}{}% 7
\BOOKMARK [0][-]{chapter*.7}{\376\377\000L\000i\000s\000t\000\040\000o\000f\000\040\000T\000a\000b\000l\000e\000s}{}% 8
\BOOKMARK [0][-]{chapter*.7}{\376\377\000L\000i\000s\000t\000\040\000o\000f\000\040\000T\000a\000b\000l\000e\000s}{}% 9
\BOOKMARK [0][-]{chapter*.8}{\376\377\000L\000i\000s\000t\000\040\000o\000f\000\040\000A\000b\000b\000r\000e\000v\000i\000a\000t\000i\000o\000n\000s}{}% 10
\BOOKMARK [0][-]{chapter*.9}{\376\377\000I\000n\000t\000r\000o\000d\000u\000c\000t\000i\000o\000n}{}% 11
\BOOKMARK [1][-]{section*.10}{\376\377\000C\000o\000n\000t\000e\000x\000t\000\040\000a\000n\000d\000\040\000M\000o\000t\000i\000v\000a\000t\000i\000o\000n}{chapter*.9}% 12
\BOOKMARK [1][-]{section*.10}{\376\377\000P\000r\000o\000b\000l\000e\000m\000\040\000S\000t\000a\000t\000e\000m\000e\000n\000t}{chapter*.9}% 13
\BOOKMARK [1][-]{section*.10}{\376\377\000R\000e\000s\000e\000a\000r\000c\000h\000\040\000H\000y\000p\000o\000t\000h\000e\000s\000e\000s}{chapter*.9}% 14
\BOOKMARK [1][-]{table.caption.11}{\376\377\000O\000b\000j\000e\000c\000t\000i\000v\000e\000s}{chapter*.9}% 15
\BOOKMARK [1][-]{Item.4}{\376\377\000D\000o\000c\000u\000m\000e\000n\000t\000\040\000S\000t\000r\000u\000c\000t\000u\000r\000e}{chapter*.9}% 16
\BOOKMARK [0][-]{chapter.1}{\376\377\000P\000r\000o\000b\000l\000e\000m\000\040\000D\000e\000f\000i\000n\000i\000t\000i\000o\000n}{}% 17
\BOOKMARK [1][-]{section.1.1}{\376\377\000T\000h\000e\000\040\000L\000o\000n\000g\000-\000H\000o\000r\000i\000z\000o\000n\000\040\000S\000e\000c\000u\000r\000i\000t\000y\000\040\000R\000e\000a\000s\000o\000n\000i\000n\000g\000\040\000P\000r\000o\000b\000l\000e\000m}{chapter.1}% 18
\BOOKMARK [1][-]{section.1.2}{\376\377\000R\000e\000s\000e\000a\000r\000c\000h\000\040\000Q\000u\000e\000s\000t\000i\000o\000n\000s}{chapter.1}% 19
\BOOKMARK [1][-]{section.1.3}{\376\377\000C\000h\000a\000r\000a\000c\000t\000e\000r\000i\000s\000a\000t\000i\000o\000n\000\040\000o\000f\000\040\000t\000h\000e\000\040\000T\000a\000r\000g\000e\000t\000\040\000S\000y\000s\000t\000e\000m}{chapter.1}% 20
\BOOKMARK [0][-]{chapter.2}{\376\377\000S\000t\000a\000t\000e\000\040\000o\000f\000\040\000t\000h\000e\000\040\000A\000r\000t}{}% 21
\BOOKMARK [1][-]{section.2.1}{\376\377\000T\000a\000x\000o\000n\000o\000m\000y\000\040\000o\000f\000\040\000A\000u\000t\000o\000m\000a\000t\000e\000d\000\040\000V\000u\000l\000n\000e\000r\000a\000b\000i\000l\000i\000t\000y\000\040\000D\000e\000t\000e\000c\000t\000i\000o\000n}{chapter.2}% 22
\BOOKMARK [1][-]{section.2.2}{\376\377\000S\000i\000g\000n\000a\000t\000u\000r\000e\000-\000B\000a\000s\000e\000d\000\040\000D\000y\000n\000a\000m\000i\000c\000\040\000S\000c\000a\000n\000n\000i\000n\000g}{chapter.2}% 23
\BOOKMARK [2][-]{subsection.2.2.1}{\376\377\000N\000u\000c\000l\000e\000i\000\040\000a\000n\000d\000\040\000T\000e\000m\000p\000l\000a\000t\000e\000-\000D\000e\000p\000e\000n\000d\000e\000n\000t\000\040\000S\000y\000s\000t\000e\000m\000s}{section.2.2}% 24
\BOOKMARK [2][-]{subsection.2.2.2}{\376\377\000O\000W\000A\000S\000P\000\040\000Z\000A\000P}{section.2.2}% 25
\BOOKMARK [2][-]{subsection.2.2.3}{\376\377\000S\000t\000r\000u\000c\000t\000u\000r\000a\000l\000\040\000L\000i\000m\000i\000t\000a\000t\000i\000o\000n\000s}{section.2.2}% 26
\BOOKMARK [1][-]{section.2.3}{\376\377\000M\000a\000c\000h\000i\000n\000e\000\040\000L\000e\000a\000r\000n\000i\000n\000g\000\040\000A\000p\000p\000r\000o\000a\000c\000h\000e\000s}{chapter.2}% 27
\BOOKMARK [1][-]{section.2.4}{\376\377\000L\000L\000M\000-\000B\000a\000s\000e\000d\000\040\000S\000e\000c\000u\000r\000i\000t\000y\000\040\000T\000e\000s\000t\000i\000n\000g}{chapter.2}% 28
\BOOKMARK [2][-]{subsection.2.4.1}{\376\377\000F\000o\000u\000n\000d\000a\000t\000i\000o\000n\000a\000l\000\040\000A\000p\000p\000r\000o\000a\000c\000h\000e\000s}{section.2.4}% 29
\BOOKMARK [2][-]{subsection.2.4.2}{\376\377\000P\000e\000n\000t\000e\000s\000t\000G\000P\000T}{section.2.4}% 30
\BOOKMARK [2][-]{subsection.2.4.3}{\376\377\000L\000L\000M\000\040\000A\000g\000e\000n\000t\000s\000\040\000i\000n\000\040\000C\000o\000n\000t\000r\000o\000l\000l\000e\000d\000\040\000S\000e\000t\000t\000i\000n\000g\000s}{section.2.4}% 31
\BOOKMARK [2][-]{subsection.2.4.4}{\376\377\000C\000r\000i\000t\000i\000c\000a\000l\000\040\000A\000s\000s\000e\000s\000s\000m\000e\000n\000t}{section.2.4}% 32
\BOOKMARK [1][-]{section.2.5}{\376\377\000M\000u\000l\000t\000i\000-\000A\000g\000e\000n\000t\000\040\000A\000r\000c\000h\000i\000t\000e\000c\000t\000u\000r\000e\000s}{chapter.2}% 33
\BOOKMARK [1][-]{section.2.6}{\376\377\000C\000o\000n\000t\000e\000x\000t\000\040\000W\000i\000n\000d\000o\000w\000\040\000M\000a\000n\000a\000g\000e\000m\000e\000n\000t}{chapter.2}% 34
\BOOKMARK [0][-]{chapter.3}{\376\377\000I\000d\000e\000n\000t\000i\000f\000i\000e\000d\000\040\000G\000a\000p\000s}{}% 35
\BOOKMARK [1][-]{section.3.1}{\376\377\000G\000a\000p\000\040\000G\0001\000:\000\040\000T\000h\000e\000\040\000C\000V\000E\000\040\000T\000e\000m\000p\000l\000a\000t\000e\000\040\000G\000a\000p}{chapter.3}% 36
\BOOKMARK [1][-]{section.3.2}{\376\377\000G\000a\000p\000\040\000G\0002\000:\000\040\000C\000o\000n\000t\000e\000x\000t\000\040\000L\000o\000s\000s\000\040\000U\000n\000d\000e\000r\000\040\000C\000o\000m\000p\000r\000e\000s\000s\000i\000o\000n}{chapter.3}% 37
\BOOKMARK [1][-]{section.3.3}{\376\377\000G\000a\000p\000\040\000G\0003\000:\000\040\000A\000b\000s\000e\000n\000t\000\040\000D\000e\000d\000u\000p\000l\000i\000c\000a\000t\000i\000o\000n}{chapter.3}% 38
\BOOKMARK [1][-]{section.3.4}{\376\377\000G\000a\000p\000\040\000G\0004\000:\000\040\000U\000n\000v\000e\000r\000i\000f\000i\000a\000b\000l\000e\000\040\000A\000r\000c\000h\000i\000t\000e\000c\000t\000u\000r\000a\000l\000\040\000C\000l\000a\000i\000m\000s}{chapter.3}% 39
\BOOKMARK [0][-]{chapter.4}{\376\377\000P\000r\000o\000p\000o\000s\000e\000d\000\040\000A\000p\000p\000r\000o\000a\000c\000h}{}% 40
\BOOKMARK [1][-]{section.4.1}{\376\377\000S\000c\000i\000e\000n\000t\000i\000f\000i\000c\000\040\000P\000o\000s\000i\000t\000i\000o\000n\000i\000n\000g}{chapter.4}% 41
\BOOKMARK [1][-]{section.4.2}{\376\377\000D\000e\000s\000i\000g\000n\000\040\000T\000h\000e\000s\000e\000s}{chapter.4}% 42
\BOOKMARK [1][-]{section.4.3}{\376\377\000S\000y\000s\000t\000e\000m\000\040\000O\000v\000e\000r\000v\000i\000e\000w}{chapter.4}% 43
\BOOKMARK [1][-]{section.4.4}{\376\377\000S\000c\000i\000e\000n\000t\000i\000f\000i\000c\000\040\000C\000o\000n\000t\000r\000i\000b\000u\000t\000i\000o\000n\000s}{chapter.4}% 44
\BOOKMARK [0][-]{chapter.5}{\376\377\000F\000o\000r\000m\000a\000l\000\040\000M\000o\000d\000e\000l}{}% 45
\BOOKMARK [1][-]{section.5.1}{\376\377\000A\000g\000e\000n\000t\000\040\000S\000t\000a\000t\000e\000\040\000a\000n\000d\000\040\000T\000r\000a\000n\000s\000i\000t\000i\000o\000n\000\040\000F\000u\000n\000c\000t\000i\000o\000n}{chapter.5}% 46
\BOOKMARK [1][-]{section.5.2}{\376\377\000C\000V\000E\000\040\000T\000e\000m\000p\000l\000a\000t\000e\000\040\000G\000a\000p}{chapter.5}% 47
\BOOKMARK [1][-]{section.5.3}{\376\377\000M\000e\000m\000o\000r\000y\000\040\000C\000o\000m\000p\000r\000e\000s\000s\000i\000o\000n\000\040\000a\000n\000d\000\040\000t\000h\000e\000\040\000D\000u\000a\000l\000-\000A\000n\000c\000h\000o\000r\000\040\000M\000e\000c\000h\000a\000n\000i\000s\000m}{chapter.5}% 48
\BOOKMARK [1][-]{section.5.4}{\376\377\000H\000y\000p\000o\000t\000h\000e\000s\000i\000s\000\040\000L\000e\000d\000g\000e\000r}{chapter.5}% 49
\BOOKMARK [1][-]{section.5.5}{\376\377\000R\000e\000A\000c\000t\000\040\000L\000o\000o\000p\000:\000\040\000S\000t\000a\000t\000e\000\040\000M\000a\000c\000h\000i\000n\000e\000\040\000M\000o\000d\000e\000l}{chapter.5}% 50
\BOOKMARK [1][-]{section.5.6}{\376\377\000C\000o\000d\000e\000-\000V\000e\000r\000i\000f\000i\000e\000d\000\040\000M\000e\000t\000h\000o\000d\000o\000l\000o\000g\000y}{chapter.5}% 51
\BOOKMARK [0][-]{chapter.6}{\376\377\000S\000y\000s\000t\000e\000m\000\040\000A\000r\000c\000h\000i\000t\000e\000c\000t\000u\000r\000e}{}% 52
\BOOKMARK [1][-]{section.6.1}{\376\377\000A\000g\000e\000n\000t\000\040\000C\000l\000a\000s\000s\000\040\000H\000i\000e\000r\000a\000r\000c\000h\000y}{chapter.6}% 53
\BOOKMARK [2][-]{subsection.6.1.1}{\376\377\000B\000a\000s\000e\000A\000g\000e\000n\000t\000\040\000I\000n\000i\000t\000i\000a\000l\000i\000s\000a\000t\000i\000o\000n}{section.6.1}% 54
\BOOKMARK [1][-]{section.6.2}{\376\377\000M\000u\000l\000t\000i\000-\000A\000g\000e\000n\000t\000\040\000T\000o\000p\000o\000l\000o\000g\000y}{chapter.6}% 55
\BOOKMARK [1][-]{section.6.3}{\376\377\000R\000e\000A\000c\000t\000\040\000E\000x\000e\000c\000u\000t\000i\000o\000n\000\040\000L\000o\000o\000p\000:\000\040\000I\000m\000p\000l\000e\000m\000e\000n\000t\000a\000t\000i\000o\000n}{chapter.6}% 56
\BOOKMARK [1][-]{section.6.4}{\376\377\000L\000L\000M\000\040\000I\000n\000t\000e\000g\000r\000a\000t\000i\000o\000n\000\040\000a\000n\000d\000\040\000R\000e\000l\000i\000a\000b\000i\000l\000i\000t\000y}{chapter.6}% 57
\BOOKMARK [2][-]{subsection.6.4.1}{\376\377\000T\000h\000r\000e\000e\000-\000S\000t\000a\000t\000e\000\040\000C\000i\000r\000c\000u\000i\000t\000\040\000B\000r\000e\000a\000k\000e\000r}{section.6.4}% 58
\BOOKMARK [2][-]{subsection.6.4.2}{\376\377\000G\000r\000a\000d\000u\000a\000t\000e\000d\000\040\000R\000e\000t\000r\000y\000\040\000S\000t\000r\000a\000t\000e\000g\000y}{section.6.4}% 59
\BOOKMARK [1][-]{section.6.5}{\376\377\000M\000e\000m\000o\000r\000y\000\040\000M\000a\000n\000a\000g\000e\000m\000e\000n\000t}{chapter.6}% 60
\BOOKMARK [2][-]{subsection.6.5.1}{\376\377\000P\000r\000o\000a\000c\000t\000i\000v\000e\000\040\000C\000o\000m\000p\000r\000e\000s\000s\000i\000o\000n}{section.6.5}% 61
\BOOKMARK [2][-]{subsection.6.5.2}{\376\377\000D\000u\000a\000l\000-\000A\000n\000c\000h\000o\000r\000\040\000I\000m\000p\000l\000e\000m\000e\000n\000t\000a\000t\000i\000o\000n}{section.6.5}% 62
\BOOKMARK [1][-]{section.6.6}{\376\377\000T\000o\000o\000l\000\040\000E\000x\000e\000c\000u\000t\000i\000o\000n\000\040\000P\000i\000p\000e\000l\000i\000n\000e}{chapter.6}% 63
\BOOKMARK [1][-]{section.6.7}{\376\377\000S\000a\000n\000d\000b\000o\000x\000\040\000a\000n\000d\000\040\000S\000c\000o\000p\000e\000\040\000E\000n\000f\000o\000r\000c\000e\000m\000e\000n\000t}{chapter.6}% 64
\BOOKMARK [1][-]{section.6.8}{\376\377\000C\000h\000e\000c\000k\000p\000o\000i\000n\000t\000i\000n\000g}{chapter.6}% 65
\BOOKMARK [0][-]{chapter.7}{\376\377\000D\000e\000s\000i\000g\000n\000\040\000D\000e\000c\000i\000s\000i\000o\000n\000s}{}% 66
\BOOKMARK [1][-]{section.7.1}{\376\377\000R\000e\000A\000c\000t\000\040\000v\000s\000.\000\040\000H\000i\000e\000r\000a\000r\000c\000h\000i\000c\000a\000l\000\040\000P\000l\000a\000n\000n\000i\000n\000g}{chapter.7}% 67
\BOOKMARK [1][-]{section.7.2}{\376\377\000E\000x\000a\000c\000t\000-\000M\000a\000t\000c\000h\000\040\000v\000s\000.\000\040\000S\000e\000m\000a\000n\000t\000i\000c\000\040\000D\000e\000d\000u\000p\000l\000i\000c\000a\000t\000i\000o\000n}{chapter.7}% 68
\BOOKMARK [1][-]{section.7.3}{\376\377\000D\000u\000a\000l\000\040\000A\000n\000c\000h\000o\000r\000i\000n\000g\000\040\000v\000s\000.\000\040\000S\000i\000n\000g\000l\000e\000-\000M\000e\000c\000h\000a\000n\000i\000s\000m\000\040\000A\000p\000p\000r\000o\000a\000c\000h\000e\000s}{chapter.7}% 69
\BOOKMARK [0][-]{chapter.8}{\376\377\000S\000y\000s\000t\000e\000m\000\040\000L\000i\000m\000i\000t\000a\000t\000i\000o\000n\000s\000\040\000a\000n\000d\000\040\000F\000a\000i\000l\000u\000r\000e\000\040\000M\000o\000d\000e\000s}{}% 70
\BOOKMARK [0][-]{chapter.9}{\376\377\000D\000i\000s\000c\000u\000s\000s\000i\000o\000n}{}% 71
\BOOKMARK [1][-]{section.9.1}{\376\377\000S\000c\000i\000e\000n\000t\000i\000f\000i\000c\000\040\000V\000a\000l\000u\000e\000\040\000o\000f\000\040\000t\000h\000e\000\040\000C\000o\000n\000t\000r\000i\000b\000u\000t\000i\000o\000n\000s}{chapter.9}% 72
\BOOKMARK [1][-]{section.9.2}{\376\377\000P\000o\000s\000i\000t\000i\000o\000n\000i\000n\000g\000\040\000A\000g\000a\000i\000n\000s\000t\000\040\000P\000r\000i\000o\000r\000\040\000W\000o\000r\000k}{chapter.9}% 73
\BOOKMARK [1][-]{section.9.3}{\376\377\000C\000l\000a\000i\000m\000s\000\040\000T\000h\000a\000t\000\040\000R\000e\000q\000u\000i\000r\000e\000\040\000E\000m\000p\000i\000r\000i\000c\000a\000l\000\040\000V\000a\000l\000i\000d\000a\000t\000i\000o\000n}{chapter.9}% 74
\BOOKMARK [1][-]{section.9.4}{\376\377\000F\000a\000i\000l\000u\000r\000e\000\040\000M\000o\000d\000e\000\040\000P\000r\000i\000o\000r\000i\000t\000i\000s\000a\000t\000i\000o\000n}{chapter.9}% 75
\BOOKMARK [0][-]{chapter*.24}{\376\377\000C\000o\000n\000c\000l\000u\000s\000i\000o\000n}{}% 76
\BOOKMARK [0][-]{chapter*.25}{\376\377\000R\000e\000f\000e\000r\000e\000n\000c\000e\000s}{}% 77
