\BOOKMARK [0][-]{chapter.1}{\376\377\000I\000n\000t\000r\000o\000d\000u\000c\000t\000i\000o\000n}{}% 1
\BOOKMARK [1][-]{section.1.1}{\376\377\000P\000r\000o\000b\000l\000e\000m\000\040\000S\000t\000a\000t\000e\000m\000e\000n\000t}{chapter.1}% 2
\BOOKMARK [1][-]{section.1.2}{\376\377\000P\000r\000o\000j\000e\000c\000t\000\040\000O\000b\000j\000e\000c\000t\000i\000v\000e}{chapter.1}% 3
\BOOKMARK [1][-]{section.1.3}{\376\377\000K\000e\000y\000\040\000C\000o\000n\000t\000r\000i\000b\000u\000t\000i\000o\000n\000s}{chapter.1}% 4
\BOOKMARK [1][-]{section.1.4}{\376\377\000I\000n\000s\000t\000a\000l\000l\000a\000t\000i\000o\000n}{chapter.1}% 5
\BOOKMARK [0][-]{chapter.2}{\376\377\000S\000y\000s\000t\000e\000m\000\040\000D\000e\000s\000i\000g\000n}{}% 6
\BOOKMARK [1][-]{section.2.1}{\376\377\000A\000r\000c\000h\000i\000t\000e\000c\000t\000u\000r\000a\000l\000\040\000O\000v\000e\000r\000v\000i\000e\000w}{chapter.2}% 7
\BOOKMARK [1][-]{section.2.2}{\376\377\000C\000o\000m\000p\000o\000n\000e\000n\000t\000\040\000I\000n\000t\000e\000r\000a\000c\000t\000i\000o\000n}{chapter.2}% 8
\BOOKMARK [1][-]{section.2.3}{\376\377\000T\000e\000c\000h\000n\000o\000l\000o\000g\000y\000\040\000S\000t\000a\000c\000k}{chapter.2}% 9
\BOOKMARK [0][-]{chapter.3}{\376\377\000A\000g\000e\000n\000t\000\040\000C\000o\000r\000e}{}% 10
\BOOKMARK [1][-]{section.3.1}{\376\377\000T\000h\000e\000\040\000R\000e\000A\000c\000t\000\040\000R\000e\000a\000s\000o\000n\000i\000n\000g\000\040\000P\000a\000t\000t\000e\000r\000n}{chapter.3}% 11
\BOOKMARK [1][-]{section.3.2}{\376\377\000S\000t\000a\000t\000e\000\040\000M\000a\000n\000a\000g\000e\000m\000e\000n\000t}{chapter.3}% 12
\BOOKMARK [1][-]{section.3.3}{\376\377\000M\000u\000l\000t\000i\000-\000A\000g\000e\000n\000t\000\040\000D\000e\000l\000e\000g\000a\000t\000i\000o\000n}{chapter.3}% 13
\BOOKMARK [1][-]{section.3.4}{\376\377\000M\000e\000m\000o\000r\000y\000\040\000C\000o\000m\000p\000r\000e\000s\000s\000i\000o\000n}{chapter.3}% 14
\BOOKMARK [1][-]{section.3.5}{\376\377\000S\000t\000o\000p\000\040\000C\000o\000n\000d\000i\000t\000i\000o\000n\000s}{chapter.3}% 15
\BOOKMARK [0][-]{chapter.4}{\376\377\000L\000L\000M\000\040\000I\000n\000t\000e\000g\000r\000a\000t\000i\000o\000n}{}% 16
\BOOKMARK [1][-]{section.4.1}{\376\377\000P\000r\000o\000v\000i\000d\000e\000r\000\040\000A\000b\000s\000t\000r\000a\000c\000t\000i\000o\000n}{chapter.4}% 17
\BOOKMARK [1][-]{section.4.2}{\376\377\000C\000o\000s\000t\000\040\000M\000a\000n\000a\000g\000e\000m\000e\000n\000t}{chapter.4}% 18
\BOOKMARK [1][-]{section.4.3}{\376\377\000P\000r\000o\000m\000p\000t\000\040\000S\000y\000s\000t\000e\000m}{chapter.4}% 19
\BOOKMARK [0][-]{chapter.5}{\376\377\000S\000e\000c\000u\000r\000i\000t\000y\000\040\000A\000r\000c\000h\000i\000t\000e\000c\000t\000u\000r\000e}{}% 20
\BOOKMARK [1][-]{section.5.1}{\376\377\0007\000-\000L\000a\000y\000e\000r\000\040\000D\000e\000f\000e\000n\000s\000e\000\040\000M\000o\000d\000e\000l}{chapter.5}% 21
\BOOKMARK [1][-]{section.5.2}{\376\377\000S\000e\000c\000u\000r\000i\000t\000y\000\040\000A\000u\000d\000i\000t\000\040\000R\000e\000s\000u\000l\000t\000s}{chapter.5}% 22
\BOOKMARK [0][-]{chapter.6}{\376\377\000E\000x\000e\000c\000u\000t\000i\000o\000n\000\040\000R\000u\000n\000t\000i\000m\000e}{}% 23
\BOOKMARK [1][-]{section.6.1}{\376\377\000D\000o\000c\000k\000e\000r\000\040\000S\000a\000n\000d\000b\000o\000x}{chapter.6}% 24
\BOOKMARK [1][-]{section.6.2}{\376\377\000T\000o\000o\000l\000\040\000S\000e\000r\000v\000e\000r\000\040\000P\000r\000o\000t\000o\000c\000o\000l}{chapter.6}% 25
\BOOKMARK [1][-]{section.6.3}{\376\377\000C\000o\000n\000t\000a\000i\000n\000e\000r\000\040\000L\000i\000f\000e\000c\000y\000c\000l\000e}{chapter.6}% 26
\BOOKMARK [0][-]{chapter.7}{\376\377\000T\000o\000o\000l\000\040\000E\000c\000o\000s\000y\000s\000t\000e\000m}{}% 27
\BOOKMARK [1][-]{section.7.1}{\376\377\000S\000e\000c\000u\000r\000i\000t\000y\000\040\000T\000o\000o\000l\000s}{chapter.7}% 28
\BOOKMARK [1][-]{section.7.2}{\376\377\000T\000o\000o\000l\000\040\000I\000n\000t\000e\000g\000r\000a\000t\000i\000o\000n\000\040\000P\000a\000t\000t\000e\000r\000n}{chapter.7}% 29
\BOOKMARK [0][-]{chapter.8}{\376\377\000R\000e\000p\000o\000r\000t\000\040\000P\000i\000p\000e\000l\000i\000n\000e}{}% 30
\BOOKMARK [1][-]{section.8.1}{\376\377\0007\000-\000S\000t\000a\000g\000e\000\040\000E\000n\000r\000i\000c\000h\000m\000e\000n\000t}{chapter.8}% 31
\BOOKMARK [1][-]{section.8.2}{\376\377\000O\000u\000t\000p\000u\000t\000\040\000F\000o\000r\000m\000a\000t\000s}{chapter.8}% 32
\BOOKMARK [0][-]{chapter.9}{\376\377\000K\000n\000o\000w\000l\000e\000d\000g\000e\000\040\000S\000y\000s\000t\000e\000m}{}% 33
\BOOKMARK [1][-]{section.9.1}{\376\377\000P\000e\000r\000s\000i\000s\000t\000e\000n\000t\000\040\000S\000t\000o\000r\000e}{chapter.9}% 34
\BOOKMARK [1][-]{section.9.2}{\376\377\000C\000h\000e\000c\000k\000p\000o\000i\000n\000t\000\040\000a\000n\000d\000\040\000R\000e\000s\000u\000m\000e}{chapter.9}% 35
\BOOKMARK [0][-]{chapter.10}{\376\377\000S\000c\000a\000n\000\040\000P\000r\000o\000f\000i\000l\000e\000s}{}% 36
\BOOKMARK [0][-]{chapter.11}{\376\377\000L\000i\000v\000e\000\040\000V\000a\000l\000i\000d\000a\000t\000i\000o\000n}{}% 37
\BOOKMARK [1][-]{section.11.1}{\376\377\000O\000W\000A\000S\000P\000\040\000J\000u\000i\000c\000e\000\040\000S\000h\000o\000p\000\040\000S\000c\000a\000n}{chapter.11}% 38
\BOOKMARK [2][-]{subsection.11.1.1}{\376\377\000F\000i\000n\000d\000i\000n\000g\000:\000\040\000S\000Q\000L\000\040\000I\000n\000j\000e\000c\000t\000i\000o\000n\000\040\040\024\000\040\000A\000u\000t\000h\000e\000n\000t\000i\000c\000a\000t\000i\000o\000n\000\040\000B\000y\000p\000a\000s\000s}{section.11.1}% 39
\BOOKMARK [2][-]{subsection.11.1.2}{\376\377\000C\000o\000m\000p\000l\000i\000a\000n\000c\000e\000\040\000V\000i\000o\000l\000a\000t\000i\000o\000n\000s}{section.11.1}% 40
\BOOKMARK [2][-]{subsection.11.1.3}{\376\377\000A\000s\000s\000e\000s\000s\000m\000e\000n\000t}{section.11.1}% 41
\BOOKMARK [0][-]{chapter.12}{\376\377\000T\000e\000s\000t\000i\000n\000g\000\040\000a\000n\000d\000\040\000Q\000u\000a\000l\000i\000t\000y\000\040\000A\000s\000s\000u\000r\000a\000n\000c\000e}{}% 42
\BOOKMARK [1][-]{section.12.1}{\376\377\000T\000e\000s\000t\000\040\000S\000u\000i\000t\000e}{chapter.12}% 43
\BOOKMARK [1][-]{section.12.2}{\376\377\000C\000I\000/\000C\000D}{chapter.12}% 44
\BOOKMARK [0][-]{chapter.13}{\376\377\000S\000y\000s\000t\000e\000m\000\040\000A\000s\000s\000e\000s\000s\000m\000e\000n\000t}{}% 45
\BOOKMARK [1][-]{section.13.1}{\376\377\000A\000u\000d\000i\000t\000\040\000S\000c\000o\000r\000e\000c\000a\000r\000d}{chapter.13}% 46
\BOOKMARK [1][-]{section.13.2}{\376\377\000I\000d\000e\000n\000t\000i\000f\000i\000e\000d\000\040\000G\000a\000p\000s}{chapter.13}% 47
\BOOKMARK [0][-]{chapter.14}{\376\377\000F\000i\000x\000\040\000P\000l\000a\000n}{}% 48
\BOOKMARK [1][-]{section.14.1}{\376\377\000P\000r\000i\000o\000r\000i\000t\000y\000\040\0001\000:\000\040\000C\000r\000i\000t\000i\000c\000a\000l\000\040\000F\000i\000x\000e\000s}{chapter.14}% 49
\BOOKMARK [1][-]{section.14.2}{\376\377\000P\000r\000i\000o\000r\000i\000t\000y\000\040\0002\000:\000\040\000A\000r\000c\000h\000i\000t\000e\000c\000t\000u\000r\000e\000\040\000E\000n\000h\000a\000n\000c\000e\000m\000e\000n\000t\000s\000\040\000f\000o\000r\000\040\000v\0001\000.\0000}{chapter.14}% 50
\BOOKMARK [1][-]{section.14.3}{\376\377\000P\000r\000i\000o\000r\000i\000t\000y\000\040\0003\000:\000\040\000v\0002\000.\0000\000\040\000R\000e\000s\000e\000a\000r\000c\000h\000\040\000D\000i\000r\000e\000c\000t\000i\000o\000n\000s}{chapter.14}% 51
\BOOKMARK [0][-]{chapter.15}{\376\377\000F\000u\000t\000u\000r\000e\000\040\000W\000o\000r\000k}{}% 52
\BOOKMARK [1][-]{section.15.1}{\376\377\000S\000h\000o\000r\000t\000-\000T\000e\000r\000m\000\040\000\050\000v\0001\000.\0000\000\051}{chapter.15}% 53
\BOOKMARK [1][-]{section.15.2}{\376\377\000M\000e\000d\000i\000u\000m\000-\000T\000e\000r\000m\000\040\000\050\000v\0002\000.\0000\000\051}{chapter.15}% 54
\BOOKMARK [1][-]{section.15.3}{\376\377\000L\000o\000n\000g\000-\000T\000e\000r\000m\000\040\000R\000e\000s\000e\000a\000r\000c\000h}{chapter.15}% 55
\BOOKMARK [0][-]{chapter.16}{\376\377\000C\000o\000n\000c\000l\000u\000s\000i\000o\000n}{}% 56
\BOOKMARK [0][-]{chapter*.17}{\376\377\000R\000e\000f\000e\000r\000e\000n\000c\000e\000s}{}% 57
